<?xml version="1.0" encoding="UTF-8"?>
<!-- Generated by org.testng.reporters.JUnitXMLReporter -->
<testsuite ignored="0" hostname="Krishna-PC" failures="0" tests="4" name="Default test" time="39.632" errors="0" timestamp="2023-04-07T22:50:13 CDT">
  <testcase classname="testCase.TestCase1Fw" name="LoginTest" time="6.108"/>
  <testcase classname="testCase.TestCase1Fw" name="LoginTest" time="5.83"/>
  <testcase classname="testCase.TestCase1Fw" name="LoginTest" time="5.837"/>
  <testcase classname="testCase.TestCase1Fw" name="LoginTest" time="6.213"/>
</testsuite> <!-- Default test -->
