<?xml version="1.0" encoding="UTF-8"?>
<!-- Generated by org.testng.reporters.JUnitXMLReporter -->
<testsuite ignored="0" hostname="Krishna-PC" failures="0" tests="4" name="Default test" time="47.256" errors="0" timestamp="2023-04-04T13:42:10 CDT">
  <testcase classname="testCase.TestCase1Fw" name="LoginTest" time="5.306"/>
  <testcase classname="testCase.TestCase1Fw" name="LoginTest" time="6.126"/>
  <testcase classname="testCase.TestCase1Fw" name="LoginTest" time="6.11"/>
  <testcase classname="testCase.TestCase1Fw" name="LoginTest" time="6.987"/>
</testsuite> <!-- Default test -->
