<?xml version="1.0" encoding="UTF-8"?>
<testng-results ignored="0" total="1" passed="1" failed="0" skipped="0">
  <reporter-output>
  </reporter-output>
  <suite started-at="2023-03-29T14:58:09 CDT" name="Default suite" finished-at="2023-03-29T14:58:26 CDT" duration-ms="16776">
    <groups>
    </groups>
    <test started-at="2023-03-29T14:58:09 CDT" name="Default test" finished-at="2023-03-29T14:58:26 CDT" duration-ms="16776">
      <class name="testCase.TestCase1Fw">
        <test-method is-config="true" signature="setUp()[pri:0, instance:testCase.TestCase1Fw@7b2bbc3]" started-at="2023-03-29T14:58:09 CDT" name="setUp" finished-at="2023-03-29T14:58:19 CDT" duration-ms="9923" status="PASS">
          <reporter-output>
          </reporter-output>
        </test-method> <!-- setUp -->
        <test-method signature="LoginTest()[pri:0, instance:testCase.TestCase1Fw@7b2bbc3]" started-at="2023-03-29T14:58:19 CDT" name="LoginTest" finished-at="2023-03-29T14:58:26 CDT" duration-ms="6574" status="PASS">
          <reporter-output>
          </reporter-output>
        </test-method> <!-- LoginTest -->
        <test-method is-config="true" signature="tearDown()[pri:0, instance:testCase.TestCase1Fw@7b2bbc3]" started-at="2023-03-29T14:58:26 CDT" name="tearDown" finished-at="2023-03-29T14:58:26 CDT" duration-ms="201" status="PASS">
          <reporter-output>
          </reporter-output>
        </test-method> <!-- tearDown -->
      </class> <!-- testCase.TestCase1Fw -->
    </test> <!-- Default test -->
  </suite> <!-- Default suite -->
</testng-results>
