<?xml version="1.0" encoding="UTF-8"?>
<testng-results ignored="0" total="4" passed="4" failed="0" skipped="0">
  <reporter-output>
  </reporter-output>
  <suite started-at="2023-04-04T13:41:23 CDT" name="Default suite" finished-at="2023-04-04T13:42:10 CDT" duration-ms="47256">
    <groups>
    </groups>
    <test started-at="2023-04-04T13:41:23 CDT" name="Default test" finished-at="2023-04-04T13:42:10 CDT" duration-ms="47256">
      <class name="testCase.TestCase1Fw">
        <test-method is-config="true" signature="setUp()[pri:0, instance:testCase.TestCase1Fw@1283bb96]" started-at="2023-04-04T13:41:25 CDT" name="setUp" finished-at="2023-04-04T13:41:33 CDT" duration-ms="8074" status="PASS">
          <reporter-output>
          </reporter-output>
        </test-method> <!-- setUp -->
        <test-method signature="LoginTest(java.lang.String,java.lang.String)[pri:0, instance:testCase.TestCase1Fw@1283bb96]" started-at="2023-04-04T13:41:33 CDT" name="LoginTest" data-provider="testdata" finished-at="2023-04-04T13:41:38 CDT" duration-ms="5306" status="PASS">
          <params>
            <param index="0">
              <value>
                <![CDATA[Admin]]>
              </value>
            </param>
            <param index="1">
              <value>
                <![CDATA[ad123]]>
              </value>
            </param>
          </params>
          <reporter-output>
          </reporter-output>
        </test-method> <!-- LoginTest -->
        <test-method is-config="true" signature="tearDown()[pri:0, instance:testCase.TestCase1Fw@1283bb96]" started-at="2023-04-04T13:41:38 CDT" name="tearDown" finished-at="2023-04-04T13:41:39 CDT" duration-ms="212" status="PASS">
          <reporter-output>
          </reporter-output>
        </test-method> <!-- tearDown -->
        <test-method is-config="true" signature="setUp()[pri:0, instance:testCase.TestCase1Fw@1283bb96]" started-at="2023-04-04T13:41:39 CDT" name="setUp" finished-at="2023-04-04T13:41:43 CDT" duration-ms="4069" status="PASS">
          <reporter-output>
          </reporter-output>
        </test-method> <!-- setUp -->
        <test-method signature="LoginTest(java.lang.String,java.lang.String)[pri:0, instance:testCase.TestCase1Fw@1283bb96]" started-at="2023-04-04T13:41:43 CDT" name="LoginTest" data-provider="testdata" finished-at="2023-04-04T13:41:49 CDT" duration-ms="6126" status="PASS">
          <params>
            <param index="0">
              <value>
                <![CDATA[Admn]]>
              </value>
            </param>
            <param index="1">
              <value>
                <![CDATA[admin123]]>
              </value>
            </param>
          </params>
          <reporter-output>
          </reporter-output>
        </test-method> <!-- LoginTest -->
        <test-method is-config="true" signature="tearDown()[pri:0, instance:testCase.TestCase1Fw@1283bb96]" started-at="2023-04-04T13:41:49 CDT" name="tearDown" finished-at="2023-04-04T13:41:49 CDT" duration-ms="157" status="PASS">
          <reporter-output>
          </reporter-output>
        </test-method> <!-- tearDown -->
        <test-method is-config="true" signature="setUp()[pri:0, instance:testCase.TestCase1Fw@1283bb96]" started-at="2023-04-04T13:41:49 CDT" name="setUp" finished-at="2023-04-04T13:41:53 CDT" duration-ms="3788" status="PASS">
          <reporter-output>
          </reporter-output>
        </test-method> <!-- setUp -->
        <test-method signature="LoginTest(java.lang.String,java.lang.String)[pri:0, instance:testCase.TestCase1Fw@1283bb96]" started-at="2023-04-04T13:41:53 CDT" name="LoginTest" data-provider="testdata" finished-at="2023-04-04T13:41:59 CDT" duration-ms="6110" status="PASS">
          <params>
            <param index="0">
              <value>
                <![CDATA[dmin]]>
              </value>
            </param>
            <param index="1">
              <value>
                <![CDATA[admin123]]>
              </value>
            </param>
          </params>
          <reporter-output>
          </reporter-output>
        </test-method> <!-- LoginTest -->
        <test-method is-config="true" signature="tearDown()[pri:0, instance:testCase.TestCase1Fw@1283bb96]" started-at="2023-04-04T13:41:59 CDT" name="tearDown" finished-at="2023-04-04T13:41:59 CDT" duration-ms="158" status="PASS">
          <reporter-output>
          </reporter-output>
        </test-method> <!-- tearDown -->
        <test-method is-config="true" signature="setUp()[pri:0, instance:testCase.TestCase1Fw@1283bb96]" started-at="2023-04-04T13:41:59 CDT" name="setUp" finished-at="2023-04-04T13:42:03 CDT" duration-ms="3698" status="PASS">
          <reporter-output>
          </reporter-output>
        </test-method> <!-- setUp -->
        <test-method signature="LoginTest(java.lang.String,java.lang.String)[pri:0, instance:testCase.TestCase1Fw@1283bb96]" started-at="2023-04-04T13:42:03 CDT" name="LoginTest" data-provider="testdata" finished-at="2023-04-04T13:42:10 CDT" duration-ms="6987" status="PASS">
          <params>
            <param index="0">
              <value>
                <![CDATA[Admin]]>
              </value>
            </param>
            <param index="1">
              <value>
                <![CDATA[admin123]]>
              </value>
            </param>
          </params>
          <reporter-output>
          </reporter-output>
        </test-method> <!-- LoginTest -->
        <test-method is-config="true" signature="tearDown()[pri:0, instance:testCase.TestCase1Fw@1283bb96]" started-at="2023-04-04T13:42:10 CDT" name="tearDown" finished-at="2023-04-04T13:42:10 CDT" duration-ms="161" status="PASS">
          <reporter-output>
          </reporter-output>
        </test-method> <!-- tearDown -->
      </class> <!-- testCase.TestCase1Fw -->
    </test> <!-- Default test -->
  </suite> <!-- Default suite -->
</testng-results>
